trace file for the simulation
format of the file
<event> <time> <item id> <server status> <queue size><server id>

a	8.40391	2	0	0	2
s	8.40391	2	1	0	2
a	10.0123	3	1	0	2
d	10.6066	2	1	1	2
s	10.6066	3	1	0	2
d	12.6059	3	0	0	2
a	15.2565	4	0	0	2
s	15.2565	4	1	0	2
d	18.2846	4	0	0	2
a	22.434	5	0	0	2
s	22.434	5	1	0	2
d	36.5952	5	0	0	2
a	38.5342	6	0	0	2
s	38.5342	6	1	0	2
a	40.8502	7	1	0	2
a	40.8599	8	1	1	2
a	40.8608	9	1	2	2
a	42.3363	10	1	3	2
d	42.8745	6	1	4	2
s	42.8745	7	1	3	2
d	43.3971	7	1	3	2
s	43.3971	8	1	2	2
a	45.9755	11	1	2	2
d	46.3326	8	1	3	2
s	46.3326	9	1	2	2
d	47.502	9	1	2	2
s	47.502	10	1	1	2
a	53.1132	12	1	1	2
a	53.6448	13	1	2	2
a	55.816	14	1	3	2
a	58.1589	15	1	4	2
a	59.6961	16	1	5	2
a	60.6197	17	1	6	2
d	61.7046	10	1	7	2
s	61.7046	11	1	6	2
a	63.6736	18	1	6	2
a	65.6521	19	1	7	2
d	66.1782	11	1	8	2
s	66.1782	12	1	7	2
a	66.9109	20	1	7	2
d	68.3066	12	1	8	2
s	68.3066	13	1	7	2
d	68.4618	13	1	7	2
s	68.4618	14	1	6	2
d	74.3266	14	1	6	2
s	74.3266	15	1	5	2
d	74.4285	15	1	5	2
s	74.4285	16	1	4	2
a	75.1792	21	1	4	2
d	75.5714	16	1	5	2
s	75.5714	17	1	4	2
a	75.572	22	1	4	2
d	76.1606	17	1	5	2
s	76.1606	18	1	4	2
a	77.1956	23	1	4	2
a	77.8013	24	1	5	2
a	80.0329	25	1	6	2
d	81.1216	18	1	7	2
s	81.1216	19	1	6	2
a	82.0889	26	1	6	2
a	83.2361	27	1	7	2
d	84.945	19	1	8	2
s	84.945	20	1	7	2
d	86.924	20	1	7	2
s	86.924	21	1	6	2
d	88.1571	21	1	6	2
s	88.1571	22	1	5	2
a	89.5223	28	1	5	2
a	89.6782	29	1	6	2
a	89.9239	30	1	7	2
d	90.7154	22	1	8	2
s	90.7154	23	1	7	2
a	91.7199	31	1	7	2
a	92.2181	32	1	8	2
d	92.9695	23	1	9	2
s	92.9695	24	1	8	2
a	95.6659	33	1	8	2
a	96.484	34	1	9	2
d	96.8766	24	1	10	2
s	96.8766	25	1	9	2
a	97.009	35	1	9	2
a	99.0831	36	1	10	2
a	99.0992	37	1	11	2
d	99.6431	25	1	12	2
s	99.6431	26	1	11	2
a	100.772	38	1	11	2
a	105.691	39	1	12	2
a	107.092	40	1	13	2
a	108.35	41	1	14	2
d	108.6	26	1	15	2
s	108.6	27	1	14	2
d	109.115	27	1	14	2
s	109.115	28	1	13	2
a	113.21	42	1	13	2
d	115.394	28	1	14	2
s	115.394	29	1	13	2
d	116.285	29	1	13	2
s	116.285	30	1	12	2
d	119.759	30	1	12	2
s	119.759	31	1	11	2
a	119.834	43	1	11	2
d	119.941	31	1	12	2
s	119.941	32	1	11	2
d	123.211	32	1	11	2
s	123.211	33	1	10	2
a	123.589	44	1	10	2
a	124.52	45	1	11	2
a	125.062	46	1	12	2
a	126.098	47	1	13	2
a	127.63	48	1	14	2
a	128.504	49	1	15	2
d	129.103	33	1	16	2
s	129.103	34	1	15	2
a	132.63	50	1	15	2
d	134.907	34	1	16	2
s	134.907	35	1	15	2
d	143.298	35	1	15	2
s	143.298	36	1	14	2
d	143.944	36	1	14	2
s	143.944	37	1	13	2
d	144.422	37	1	13	2
s	144.422	38	1	12	2
d	149.096	38	1	12	2
s	149.096	39	1	11	2
a	151.911	51	1	11	2
a	153.687	52	1	12	2
d	155.568	39	1	13	2
s	155.568	40	1	12	2
d	162.089	40	1	12	2
s	162.089	41	1	11	2
d	164.455	41	1	11	2
s	164.455	42	1	10	2
d	165.309	42	1	10	2
s	165.309	43	1	9	2
d	166.439	43	1	9	2
s	166.439	44	1	8	2
a	166.439	53	1	8	2
d	168.268	44	1	9	2
s	168.268	45	1	8	2
d	170.754	45	1	8	2
s	170.754	46	1	7	2
a	174.255	54	1	7	2
a	175.341	55	1	8	2
d	175.553	46	1	9	2
s	175.553	47	1	8	2
d	178.039	47	1	8	2
s	178.039	48	1	7	2
a	179.051	56	1	7	2
a	180.697	57	1	8	2
d	182.416	48	1	9	2
s	182.416	49	1	8	2
a	182.587	58	1	8	2
d	183.809	49	1	9	2
s	183.809	50	1	8	2
d	185.863	50	1	8	2
s	185.863	51	1	7	2
d	185.976	51	1	7	2
s	185.976	52	1	6	2
d	187.065	52	1	6	2
s	187.065	53	1	5	2
d	187.299	53	1	5	2
s	187.299	54	1	4	2
a	188.081	59	1	4	2
a	191.353	60	1	5	2
d	192.282	54	1	6	2
s	192.282	55	1	5	2
d	192.297	55	1	5	2
s	192.297	56	1	4	2
d	194.643	56	1	4	2
s	194.643	57	1	3	2
d	194.649	57	1	3	2
s	194.649	58	1	2	2
a	196.525	61	1	2	2
a	197.935	62	1	3	2
d	201.632	58	1	4	2
s	201.632	59	1	3	2
d	204.111	59	1	3	2
s	204.111	60	1	2	2
d	204.324	60	1	2	2
s	204.324	61	1	1	2
a	205.015	63	1	1	2
a	205.349	64	1	2	2
a	209.063	65	1	3	2
d	213.406	61	1	4	2
s	213.406	62	1	3	2
a	213.507	66	1	3	2
d	214.194	62	1	4	2
s	214.194	63	1	3	2
a	216.177	67	1	3	2
a	217.572	68	1	4	2
d	218.993	63	1	5	2
s	218.993	64	1	4	2
a	219.084	69	1	4	2
a	221.372	70	1	5	2
d	221.378	64	1	6	2
s	221.378	65	1	5	2
d	222.742	65	1	5	2
s	222.742	66	1	4	2
a	222.916	71	1	4	2
d	223.212	66	1	5	2
s	223.212	67	1	4	2
a	223.479	72	1	4	2
a	224.461	73	1	5	2
d	224.623	67	1	6	2
s	224.623	68	1	5	2
a	226.17	74	1	5	2
d	227.565	68	1	6	2
s	227.565	69	1	5	2
d	228.477	69	1	5	2
s	228.477	70	1	4	2
d	230.242	70	1	4	2
s	230.242	71	1	3	2
d	230.541	71	1	3	2
s	230.541	72	1	2	2
a	231.244	75	1	2	2
d	234.787	72	1	3	2
s	234.787	73	1	2	2
a	236.243	76	1	2	2
d	236.296	73	1	3	2
s	236.296	74	1	2	2
a	237.319	77	1	2	2
d	237.906	74	1	3	2
s	237.906	75	1	2	2
d	240.019	75	1	2	2
s	240.019	76	1	1	2
a	240.457	78	1	1	2
a	241.358	79	1	2	2
a	242.831	80	1	3	2
a	244.263	81	1	4	2
a	245.371	82	1	5	2
a	246.024	83	1	6	2
d	247.582	76	1	7	2
s	247.582	77	1	6	2
d	249.237	77	1	6	2
s	249.237	78	1	5	2
d	249.662	78	1	5	2
s	249.662	79	1	4	2
d	249.94	79	1	4	2
s	249.94	80	1	3	2
d	251.4	80	1	3	2
s	251.4	81	1	2	2
a	251.733	84	1	2	2
d	252.354	81	1	3	2
s	252.354	82	1	2	2
d	253.565	82	1	2	2
s	253.565	83	1	1	2
d	253.636	83	1	1	2
s	253.636	84	1	0	2
d	257.102	84	0	0	2
a	261.158	85	0	0	2
s	261.158	85	1	0	2
a	262.848	86	1	0	2
d	264.712	85	1	1	2
s	264.712	86	1	0	2
a	268.096	87	1	0	2
a	268.517	88	1	1	2
a	269	89	1	2	2
a	269.886	90	1	3	2
d	271.373	86	1	4	2
s	271.373	87	1	3	2
d	274.727	87	1	3	2
s	274.727	88	1	2	2
a	275.481	91	1	2	2
d	282.329	88	1	3	2
s	282.329	89	1	2	2
a	283.188	92	1	2	2
d	283.663	89	1	3	2
s	283.663	90	1	2	2
a	283.784	93	1	2	2
d	285.484	90	1	3	2
s	285.484	91	1	2	2
a	286.191	94	1	2	2
d	288.166	91	1	3	2
s	288.166	92	1	2	2
a	289.815	95	1	2	2
d	290.46	92	1	3	2
s	290.46	93	1	2	2
a	291.888	96	1	2	2
a	295.278	97	1	3	2
d	296.098	93	1	4	2
s	296.098	94	1	3	2
a	296.189	98	1	3	2
a	296.76	99	1	4	2
a	296.885	100	1	5	2
d	299.575	94	1	6	2
s	299.575	95	1	5	2
d	300.539	95	1	5	2
s	300.539	96	1	4	2
d	304.151	96	1	4	2
s	304.151	97	1	3	2
d	304.324	97	1	3	2
s	304.324	98	1	2	2
d	310.509	98	1	2	2
s	310.509	99	1	1	2
d	318.675	99	1	1	2
s	318.675	100	1	0	2
d	319.401	100	0	0	2


Average Queueing Delay for Server 2 : 17.3831
Avarage System Delay : 117.542
